-------------------------------------------------------------------------------
Test set: com.example.PostgreSQLTest
-------------------------------------------------------------------------------
Tests run: 20, Failures: 14, Errors: 0, Skipped: 0, Time elapsed: 2.691 s <<< FAILURE! - in com.example.PostgreSQLTest
com.example.PostgreSQLTest.testExtras_ExtraRunsNull  Time elapsed: 0.041 s  <<< FAILURE!
org.opentest4j.AssertionFailedError: 
Failed null constraint for extra_runs: ERROR: relation "match" does not exist
  Position: 13 ==> expected: <true> but was: <false>
	at com.example.PostgreSQLTest.testNullConstraint(PostgreSQLTest.java:192)
	at com.example.PostgreSQLTest.testExtras_ExtraRunsNull(PostgreSQLTest.java:264)

com.example.PostgreSQLTest.testBatterScore_RunScoredNull  Time elapsed: 0.007 s  <<< FAILURE!
org.opentest4j.AssertionFailedError: 
Failed null constraint for run_scored: ERROR: relation "match" does not exist
  Position: 13 ==> expected: <true> but was: <false>
	at com.example.PostgreSQLTest.testNullConstraint(PostgreSQLTest.java:192)
	at com.example.PostgreSQLTest.testBatterScore_RunScoredNull(PostgreSQLTest.java:248)

com.example.PostgreSQLTest.testMatch_MatchIdNull  Time elapsed: 0.004 s  <<< FAILURE!
org.opentest4j.AssertionFailedError: 
Failed null constraint for match_id: ERROR: relation "match" does not exist
  Position: 13 ==> expected: <true> but was: <false>
	at com.example.PostgreSQLTest.testNullConstraint(PostgreSQLTest.java:192)
	at com.example.PostgreSQLTest.testMatch_MatchIdNull(PostgreSQLTest.java:273)

com.example.PostgreSQLTest.testAwards_AwardTypeNull  Time elapsed: 0.012 s  <<< FAILURE!
org.opentest4j.AssertionFailedError: 
Failed null constraint for award_type: ERROR: relation "match" does not exist
  Position: 13 ==> expected: <true> but was: <false>
	at com.example.PostgreSQLTest.testNullConstraint(PostgreSQLTest.java:192)
	at com.example.PostgreSQLTest.testAwards_AwardTypeNull(PostgreSQLTest.java:223)

com.example.PostgreSQLTest.testPlayerMatch_RoleNull  Time elapsed: 0.004 s  <<< FAILURE!
org.opentest4j.AssertionFailedError: 
Failed null constraint for role: ERROR: relation "match" does not exist
  Position: 13 ==> expected: <true> but was: <false>
	at com.example.PostgreSQLTest.testNullConstraint(PostgreSQLTest.java:192)
	at com.example.PostgreSQLTest.testPlayerMatch_RoleNull(PostgreSQLTest.java:312)

com.example.PostgreSQLTest.testMatch_MatchDateNull  Time elapsed: 0.005 s  <<< FAILURE!
org.opentest4j.AssertionFailedError: 
Failed null constraint for match_date: ERROR: relation "match" does not exist
  Position: 13 ==> expected: <true> but was: <false>
	at com.example.PostgreSQLTest.testNullConstraint(PostgreSQLTest.java:192)
	at com.example.PostgreSQLTest.testMatch_MatchDateNull(PostgreSQLTest.java:287)

com.example.PostgreSQLTest.testAuction_AuctionIdNull  Time elapsed: 0.003 s  <<< FAILURE!
org.opentest4j.AssertionFailedError: 
Failed null constraint for auction_id: ERROR: relation "auction" does not exist
  Position: 13 ==> expected: <true> but was: <false>
	at com.example.PostgreSQLTest.testNullConstraint(PostgreSQLTest.java:192)
	at com.example.PostgreSQLTest.testAuction_AuctionIdNull(PostgreSQLTest.java:207)

com.example.PostgreSQLTest.testAuction_IsSoldNull  Time elapsed: 0.003 s  <<< FAILURE!
org.opentest4j.AssertionFailedError: 
Failed null constraint for is_sold: ERROR: relation "auction" does not exist
  Position: 13 ==> expected: <true> but was: <false>
	at com.example.PostgreSQLTest.testNullConstraint(PostgreSQLTest.java:192)
	at com.example.PostgreSQLTest.testAuction_IsSoldNull(PostgreSQLTest.java:214)

com.example.PostgreSQLTest.testBalls_BallNumNull  Time elapsed: 0 s  <<< FAILURE!
org.opentest4j.AssertionFailedError: 
Failed null constraint for ball_num: ERROR: relation "match" does not exist
  Position: 13 ==> expected: <true> but was: <false>
	at com.example.PostgreSQLTest.testNullConstraint(PostgreSQLTest.java:192)
	at com.example.PostgreSQLTest.testBalls_BallNumNull(PostgreSQLTest.java:239)

com.example.PostgreSQLTest.testExtras_ExtraTypeNull  Time elapsed: 0.003 s  <<< FAILURE!
org.opentest4j.AssertionFailedError: 
Failed null constraint for extra_type: ERROR: relation "match" does not exist
  Position: 13 ==> expected: <true> but was: <false>
	at com.example.PostgreSQLTest.testNullConstraint(PostgreSQLTest.java:192)
	at com.example.PostgreSQLTest.testExtras_ExtraTypeNull(PostgreSQLTest.java:257)

com.example.PostgreSQLTest.testPlayerMatch_IsExtraNull  Time elapsed: 0.008 s  <<< FAILURE!
org.opentest4j.AssertionFailedError: 
Failed null constraint for is_extra: ERROR: relation "match" does not exist
  Position: 13 ==> expected: <true> but was: <false>
	at com.example.PostgreSQLTest.testNullConstraint(PostgreSQLTest.java:192)
	at com.example.PostgreSQLTest.testPlayerMatch_IsExtraNull(PostgreSQLTest.java:319)

com.example.PostgreSQLTest.testWickets_KindOutNull  Time elapsed: 0 s  <<< FAILURE!
org.opentest4j.AssertionFailedError: 
Failed null constraint for kind_out: ERROR: relation "match" does not exist
  Position: 13 ==> expected: <true> but was: <false>
	at com.example.PostgreSQLTest.testNullConstraint(PostgreSQLTest.java:192)
	at com.example.PostgreSQLTest.testWickets_KindOutNull(PostgreSQLTest.java:360)

com.example.PostgreSQLTest.testBalls_InningsNumNull  Time elapsed: 0.001 s  <<< FAILURE!
org.opentest4j.AssertionFailedError: 
Failed null constraint for innings_num: ERROR: relation "match" does not exist
  Position: 13 ==> expected: <true> but was: <false>
	at com.example.PostgreSQLTest.testNullConstraint(PostgreSQLTest.java:192)
	at com.example.PostgreSQLTest.testBalls_InningsNumNull(PostgreSQLTest.java:232)

com.example.PostgreSQLTest.testMatch_MatchTypeNull  Time elapsed: 0 s  <<< FAILURE!
org.opentest4j.AssertionFailedError: 
Failed null constraint for match_type: ERROR: relation "match" does not exist
  Position: 13 ==> expected: <true> but was: <false>
	at com.example.PostgreSQLTest.testNullConstraint(PostgreSQLTest.java:192)
	at com.example.PostgreSQLTest.testMatch_MatchTypeNull(PostgreSQLTest.java:280)

