<?xml version="1.0" encoding="UTF-8"?>
<testsuite xmlns:xsi="http://www.w3.org/2001/XMLSchema-instance" xsi:noNamespaceSchemaLocation="https://maven.apache.org/surefire/maven-surefire-plugin/xsd/surefire-test-report-3.0.xsd" version="3.0" name="com.example.PostgreSQLTest" time="2.691" tests="20" errors="0" skipped="0" failures="14">
  <properties>
[...]
</properties>
  <testcase name="testExtras_ExtraRunsNull" classname="com.example.PostgreSQLTest" time="0.041">
    <failure message="Failed null constraint for extra_runs: ERROR: relation &quot;match&quot; does not exist&#10;  Position: 13 ==&gt; expected: &lt;true&gt; but was: &lt;false&gt;" type="org.opentest4j.AssertionFailedError"><![CDATA[org.opentest4j.AssertionFailedError: 
Failed null constraint for extra_runs: ERROR: relation "match" does not exist
  Position: 13 ==> expected: <true> but was: <false>
	at com.example.PostgreSQLTest.testNullConstraint(PostgreSQLTest.java:192)
	at com.example.PostgreSQLTest.testExtras_ExtraRunsNull(PostgreSQLTest.java:264)
]]></failure>
    <system-out><![CDATA[Database created successfully!
]]></system-out>
  </testcase>
  <testcase name="testTeam_RegionNull" classname="com.example.PostgreSQLTest" time="0.002"/>
  <testcase name="testBatterScore_RunScoredNull" classname="com.example.PostgreSQLTest" time="0.007">
    <failure message="Failed null constraint for run_scored: ERROR: relation &quot;match&quot; does not exist&#10;  Position: 13 ==&gt; expected: &lt;true&gt; but was: &lt;false&gt;" type="org.opentest4j.AssertionFailedError"><![CDATA[org.opentest4j.AssertionFailedError: 
Failed null constraint for run_scored: ERROR: relation "match" does not exist
  Position: 13 ==> expected: <true> but was: <false>
	at com.example.PostgreSQLTest.testNullConstraint(PostgreSQLTest.java:192)
	at com.example.PostgreSQLTest.testBatterScore_RunScoredNull(PostgreSQLTest.java:248)
]]></failure>
  </testcase>
  <testcase name="testTeam_TeamIdNull" classname="com.example.PostgreSQLTest" time="0.002"/>
  <testcase name="testMatch_MatchIdNull" classname="com.example.PostgreSQLTest" time="0.004">
    <failure message="Failed null constraint for match_id: ERROR: relation &quot;match&quot; does not exist&#10;  Position: 13 ==&gt; expected: &lt;true&gt; but was: &lt;false&gt;" type="org.opentest4j.AssertionFailedError"><![CDATA[org.opentest4j.AssertionFailedError: 
Failed null constraint for match_id: ERROR: relation "match" does not exist
  Position: 13 ==> expected: <true> but was: <false>
	at com.example.PostgreSQLTest.testNullConstraint(PostgreSQLTest.java:192)
	at com.example.PostgreSQLTest.testMatch_MatchIdNull(PostgreSQLTest.java:273)
]]></failure>
  </testcase>
  <testcase name="testAwards_AwardTypeNull" classname="com.example.PostgreSQLTest" time="0.012">
    <failure message="Failed null constraint for award_type: ERROR: relation &quot;match&quot; does not exist&#10;  Position: 13 ==&gt; expected: &lt;true&gt; but was: &lt;false&gt;" type="org.opentest4j.AssertionFailedError"><![CDATA[org.opentest4j.AssertionFailedError: 
Failed null constraint for award_type: ERROR: relation "match" does not exist
  Position: 13 ==> expected: <true> but was: <false>
	at com.example.PostgreSQLTest.testNullConstraint(PostgreSQLTest.java:192)
	at com.example.PostgreSQLTest.testAwards_AwardTypeNull(PostgreSQLTest.java:223)
]]></failure>
  </testcase>
  <testcase name="testPlayerMatch_RoleNull" classname="com.example.PostgreSQLTest" time="0.004">
    <failure message="Failed null constraint for role: ERROR: relation &quot;match&quot; does not exist&#10;  Position: 13 ==&gt; expected: &lt;true&gt; but was: &lt;false&gt;" type="org.opentest4j.AssertionFailedError"><![CDATA[org.opentest4j.AssertionFailedError: 
Failed null constraint for role: ERROR: relation "match" does not exist
  Position: 13 ==> expected: <true> but was: <false>
	at com.example.PostgreSQLTest.testNullConstraint(PostgreSQLTest.java:192)
	at com.example.PostgreSQLTest.testPlayerMatch_RoleNull(PostgreSQLTest.java:312)
]]></failure>
  </testcase>
  <testcase name="testMatch_MatchDateNull" classname="com.example.PostgreSQLTest" time="0.005">
    <failure message="Failed null constraint for match_date: ERROR: relation &quot;match&quot; does not exist&#10;  Position: 13 ==&gt; expected: &lt;true&gt; but was: &lt;false&gt;" type="org.opentest4j.AssertionFailedError"><![CDATA[org.opentest4j.AssertionFailedError: 
Failed null constraint for match_date: ERROR: relation "match" does not exist
  Position: 13 ==> expected: <true> but was: <false>
	at com.example.PostgreSQLTest.testNullConstraint(PostgreSQLTest.java:192)
	at com.example.PostgreSQLTest.testMatch_MatchDateNull(PostgreSQLTest.java:287)
]]></failure>
  </testcase>
  <testcase name="testAuction_AuctionIdNull" classname="com.example.PostgreSQLTest" time="0.003">
    <failure message="Failed null constraint for auction_id: ERROR: relation &quot;auction&quot; does not exist&#10;  Position: 13 ==&gt; expected: &lt;true&gt; but was: &lt;false&gt;" type="org.opentest4j.AssertionFailedError"><![CDATA[org.opentest4j.AssertionFailedError: 
Failed null constraint for auction_id: ERROR: relation "auction" does not exist
  Position: 13 ==> expected: <true> but was: <false>
	at com.example.PostgreSQLTest.testNullConstraint(PostgreSQLTest.java:192)
	at com.example.PostgreSQLTest.testAuction_AuctionIdNull(PostgreSQLTest.java:207)
]]></failure>
  </testcase>
  <testcase name="testAuction_IsSoldNull" classname="com.example.PostgreSQLTest" time="0.003">
    <failure message="Failed null constraint for is_sold: ERROR: relation &quot;auction&quot; does not exist&#10;  Position: 13 ==&gt; expected: &lt;true&gt; but was: &lt;false&gt;" type="org.opentest4j.AssertionFailedError"><![CDATA[org.opentest4j.AssertionFailedError: 
Failed null constraint for is_sold: ERROR: relation "auction" does not exist
  Position: 13 ==> expected: <true> but was: <false>
	at com.example.PostgreSQLTest.testNullConstraint(PostgreSQLTest.java:192)
	at com.example.PostgreSQLTest.testAuction_IsSoldNull(PostgreSQLTest.java:214)
]]></failure>
  </testcase>
  <testcase name="testPlayer_PlayerIdNull" classname="com.example.PostgreSQLTest" time="0"/>
  <testcase name="testBalls_BallNumNull" classname="com.example.PostgreSQLTest" time="0">
    <failure message="Failed null constraint for ball_num: ERROR: relation &quot;match&quot; does not exist&#10;  Position: 13 ==&gt; expected: &lt;true&gt; but was: &lt;false&gt;" type="org.opentest4j.AssertionFailedError"><![CDATA[org.opentest4j.AssertionFailedError: 
Failed null constraint for ball_num: ERROR: relation "match" does not exist
  Position: 13 ==> expected: <true> but was: <false>
	at com.example.PostgreSQLTest.testNullConstraint(PostgreSQLTest.java:192)
	at com.example.PostgreSQLTest.testBalls_BallNumNull(PostgreSQLTest.java:239)
]]></failure>
  </testcase>
  <testcase name="testExtras_ExtraTypeNull" classname="com.example.PostgreSQLTest" time="0.003">
    <failure message="Failed null constraint for extra_type: ERROR: relation &quot;match&quot; does not exist&#10;  Position: 13 ==&gt; expected: &lt;true&gt; but was: &lt;false&gt;" type="org.opentest4j.AssertionFailedError"><![CDATA[org.opentest4j.AssertionFailedError: 
Failed null constraint for extra_type: ERROR: relation "match" does not exist
  Position: 13 ==> expected: <true> but was: <false>
	at com.example.PostgreSQLTest.testNullConstraint(PostgreSQLTest.java:192)
	at com.example.PostgreSQLTest.testExtras_ExtraTypeNull(PostgreSQLTest.java:257)
]]></failure>
  </testcase>
  <testcase name="testSeason_EndDateNull" classname="com.example.PostgreSQLTest" time="0"/>
  <testcase name="testPlayerMatch_IsExtraNull" classname="com.example.PostgreSQLTest" time="0.008">
    <failure message="Failed null constraint for is_extra: ERROR: relation &quot;match&quot; does not exist&#10;  Position: 13 ==&gt; expected: &lt;true&gt; but was: &lt;false&gt;" type="org.opentest4j.AssertionFailedError"><![CDATA[org.opentest4j.AssertionFailedError: 
Failed null constraint for is_extra: ERROR: relation "match" does not exist
  Position: 13 ==> expected: <true> but was: <false>
	at com.example.PostgreSQLTest.testNullConstraint(PostgreSQLTest.java:192)
	at com.example.PostgreSQLTest.testPlayerMatch_IsExtraNull(PostgreSQLTest.java:319)
]]></failure>
  </testcase>
  <testcase name="testWickets_KindOutNull" classname="com.example.PostgreSQLTest" time="0">
    <failure message="Failed null constraint for kind_out: ERROR: relation &quot;match&quot; does not exist&#10;  Position: 13 ==&gt; expected: &lt;true&gt; but was: &lt;false&gt;" type="org.opentest4j.AssertionFailedError"><![CDATA[org.opentest4j.AssertionFailedError: 
Failed null constraint for kind_out: ERROR: relation "match" does not exist
  Position: 13 ==> expected: <true> but was: <false>
	at com.example.PostgreSQLTest.testNullConstraint(PostgreSQLTest.java:192)
	at com.example.PostgreSQLTest.testWickets_KindOutNull(PostgreSQLTest.java:360)
]]></failure>
  </testcase>
  <testcase name="testPlayer_BattingHandNull" classname="com.example.PostgreSQLTest" time="0.008"/>
  <testcase name="testBalls_InningsNumNull" classname="com.example.PostgreSQLTest" time="0.001">
    <failure message="Failed null constraint for innings_num: ERROR: relation &quot;match&quot; does not exist&#10;  Position: 13 ==&gt; expected: &lt;true&gt; but was: &lt;false&gt;" type="org.opentest4j.AssertionFailedError"><![CDATA[org.opentest4j.AssertionFailedError: 
Failed null constraint for innings_num: ERROR: relation "match" does not exist
  Position: 13 ==> expected: <true> but was: <false>
	at com.example.PostgreSQLTest.testNullConstraint(PostgreSQLTest.java:192)
	at com.example.PostgreSQLTest.testBalls_InningsNumNull(PostgreSQLTest.java:232)
]]></failure>
  </testcase>
  <testcase name="testMatch_MatchTypeNull" classname="com.example.PostgreSQLTest" time="0">
    <failure message="Failed null constraint for match_type: ERROR: relation &quot;match&quot; does not exist&#10;  Position: 13 ==&gt; expected: &lt;true&gt; but was: &lt;false&gt;" type="org.opentest4j.AssertionFailedError"><![CDATA[org.opentest4j.AssertionFailedError: 
Failed null constraint for match_type: ERROR: relation "match" does not exist
  Position: 13 ==> expected: <true> but was: <false>
	at com.example.PostgreSQLTest.testNullConstraint(PostgreSQLTest.java:192)
	at com.example.PostgreSQLTest.testMatch_MatchTypeNull(PostgreSQLTest.java:280)
]]></failure>
  </testcase>
  <testcase name="testSeason_YearNull" classname="com.example.PostgreSQLTest" time="0.002"/>
</testsuite>